<?xml version="1.0" encoding="UTF-8" ?>
<testsuite tests="1" failures="0" name="Runnner.RunCucumberTest" time="0.105" errors="1" skipped="0">
  <properties>
[...]
</properties>
  <testcase classname="Search" name="Creative" time="0.105">
    <error message="The step &apos;Click &quot;контакты&quot; button&apos; is undefined.
You can implement this step using the snippet(s) below:

@Then(&quot;Click {string} button&quot;)
public void click_button(String string) {
    // Write code here that turns the phrase above into concrete actions
    throw new io.cucumber.java.PendingException();
}
" type="io.cucumber.junit.UndefinedStepException">io.cucumber.junit.UndefinedStepException: The step &apos;Click &quot;контакты&quot; button&apos; is undefined.
You can implement this step using the snippet(s) below:

@Then(&quot;Click {string} button&quot;)
public void click_button(String string) {
    // Write code here that turns the phrase above into concrete actions
    throw new io.cucumber.java.PendingException();
}

</error>
    <system-out>
Scenario: Creative             &amp;#27;[90m# src/test/resources/feature/login.feature:3&amp;#27;[0m
  &amp;#27;[33mThen &amp;#27;[0m&amp;#27;[33mClick &quot;контакты&quot; button&amp;#27;[0m &amp;#27;[90m# null&amp;#27;[0m
</system-out>
  </testcase>
</testsuite>